#
# A fatal error has been detected by the Java Runtime Environment:
#
#  EXCEPTION_ACCESS_VIOLATION (0xc0000005) at pc=0x00007ffa9d613004, pid=18036, tid=9864
#
# JRE version: OpenJDK Runtime Environment (24.0+36) (build 24+36-3646)
# Java VM: OpenJDK 64-Bit Server VM (24+36-3646, mixed mode, sharing, tiered, compressed oops, compressed class ptrs, g1 gc, windows-amd64)
# Problematic frame:
# C  [libasyncProfiler.dll+0x93004]
#
# No core dump will be written. Minidumps are not enabled by default on client versions of Windows
#
# JFR recording file will be written. Location: C:\Users\Admin\Desktop\Università\Ingegneria del Software\Progetto IS\AMOROSO MICHELE PIO-AMOROSO LUIGI-ANASTASIO LUCA\JAVA\Progetto_java\src\hs_err_pid18036.jfr
#
# If you would like to submit a bug report, please visit:
#   https://bugreport.java.com/bugreport/crash.jsp
# The crash happened outside the Java Virtual Machine in native code.
# See problematic frame for where to report the bug.
#

---------------  S U M M A R Y ------------

Command Line: -ea -Didea.test.cyclic.buffer.size=1048576 -javaagent:C:\Program Files\JetBrains\IntelliJ IDEA 2024.3.5\lib\idea_rt.jar=51971 -javaagent:C:\Users\Admin\AppData\Local\JetBrains\IntelliJIdea2024.3\captureAgent\debugger-agent.jar -Dkotlinx.coroutines.debug.enable.creation.stack.trace=false -Ddebugger.agent.enable.coroutines=true -Dkotlinx.coroutines.debug.enable.flows.stack.trace=true -Dkotlinx.coroutines.debug.enable.mutable.state.flows.stack.trace=true -agentpath:C:\Users\Admin\AppData\Local\Temp\idea_libasyncProfiler_dll_temp_folder\libasyncProfiler.dll=start,jfr,event=wall,interval=10ms,jfrsync=profile,cstack=no,file=C:\Users\Admin\IdeaSnapshots\ControlAutoreNonRegistratoTest_2025_06_17_093543.jfr,dbghelppath=C:\Users\Admin\AppData\Local\Temp\idea_dbghelp_dll_temp_folder\dbghelp.dll,log=C:\Users\Admin\AppData\Local\Temp\ControlAutoreNonRegistratoTest_2025_06_17_093543.jfr.log.txt,logLevel=DEBUG -Dfile.encoding=UTF-8 -Dsun.stdout.encoding=UTF-8 -Dsun.stderr.encoding=UTF-8 com.intellij.rt.junit.JUnitStarter -ideVersion5 -junit4 Test.ControlAutoreNonRegistratoTest

Host: Intel(R) Core(TM) i5-10210U CPU @ 1.60GHz, 8 cores, 19G,  Windows 11 , 64 bit Build 26100 (10.0.26100.4202)
Time: Tue Jun 17 09:35:44 2025 ora legale Europa occidentale elapsed time: 0.841673 seconds (0d 0h 0m 0s)

---------------  T H R E A D  ---------------

Current thread (0x000001e3f317e4d0):  JavaThread "main"             [_thread_in_native, id=9864, stack(0x0000006a17900000,0x0000006a17a00000) (1024K)]

Stack: [0x0000006a17900000,0x0000006a17a00000],  sp=0x0000006a179fe680,  free space=1017k
Native frames: (J=compiled Java code, j=interpreted, Vv=VM code, C=native code)
C  [libasyncProfiler.dll+0x93004]  (no source info available)
C  [libasyncProfiler.dll+0x934db]  (no source info available)
C  [libasyncProfiler.dll+0x92134]  (no source info available)
C  [libasyncProfiler.dll+0x929aa]  (no source info available)
C  [libasyncProfiler.dll+0x8d561]  (no source info available)
C  [libasyncProfiler.dll+0x7ef21]  (no source info available)
C  [libasyncProfiler.dll+0x7dc38]  (no source info available)
C  [libasyncProfiler.dll+0x7db20]  (no source info available)
C  [libasyncProfiler.dll+0x83c3c]  (no source info available)
V  [jvm.dll+0x5e3a5e]  (no source info available)
V  [jvm.dll+0x8861e6]  (no source info available)
V  [jvm.dll+0x49604e]  (no source info available)
V  [jvm.dll+0x497e21]  (no source info available)
C  [jli.dll+0x52a1]  (no source info available)
C  [ucrtbase.dll+0x37b0]  (no source info available)
C  [KERNEL32.DLL+0x2e8d7]  (no source info available)
C  [ntdll.dll+0x3c34c]  (no source info available)


siginfo: EXCEPTION_ACCESS_VIOLATION (0xc0000005), reading address 0xffffffffffffffff


Registers:
RAX=0x0000000000000010, RBX=0x0000000000000000, RCX=0xffffffffffffffff, RDX=0x007ffa2ff22ff010
RSP=0x0000006a179fe680, RBP=0x000001e3da0a6fd0, RSI=0x0000006a179fe7f0, RDI=0x000001e3da0a6fd0
R8 =0x0000000000000042, R9 =0x00000006d6401ee8, R10=0x00007ffa30199fc0, R11=0x0000000000000004
R12=0x0000006a179fe7f0, R13=0x000001e3f0c67a60, R14=0x000001e3f317e898, R15=0x000001e3f317e898
RIP=0x00007ffa9d613004, EFLAGS=0x0000000000010202

XMM[0]=0x0000000000000000 0x0000000000000000
XMM[1]=0x0000000000000000 0x0000000000000000
XMM[2]=0x0000000000000000 0x0000000000000000
XMM[3]=0x0000000000000000 0x0000000000000000
XMM[4]=0x0000000000000000 0x0000000000000000
XMM[5]=0x0000000000000000 0x0000000000000000
XMM[6]=0x0000000000000000 0x0000000000000000
XMM[7]=0x0000000000000000 0x0000000000000000
XMM[8]=0x0000000000000000 0x0000000000000000
XMM[9]=0x0000000000000000 0x0000000000000000
XMM[10]=0x0000000000000000 0x0000000000000000
XMM[11]=0x0000000000000000 0x0000000000000000
XMM[12]=0x0000000000000000 0x0000000000000000
XMM[13]=0x0000000000000000 0x0000000000000000
XMM[14]=0x0000000000000000 0x0000000000000000
XMM[15]=0x0000000000000000 0x0000000000000000
  MXCSR=0x00001fa0


Register to memory mapping:

RAX=0x0000000000000010 is an unknown value
RBX=0x0 is null
RCX=0xffffffffffffffff is an unknown value
RDX=0x007ffa2ff22ff010 is an unknown value
RSP=0x0000006a179fe680 is pointing into the stack for thread: 0x000001e3f317e4d0
RBP=0x000001e3da0a6fd0 points into unknown readable memory: 0x00000006d6401ee8 | e8 1e 40 d6 06 00 00 00
RSI=0x0000006a179fe7f0 is pointing into the stack for thread: 0x000001e3f317e4d0
RDI=0x000001e3da0a6fd0 points into unknown readable memory: 0x00000006d6401ee8 | e8 1e 40 d6 06 00 00 00
R8 =0x0000000000000042 is an unknown value
R9 =0x00000006d6401ee8 is an oop: java.lang.Thread 
{0x00000006d6401ee8} - klass: 'java/lang/Thread' - flags: 

 - ---- fields (total size 14 words):
 - 'threadLocalRandomProbe' 'I' @12  0 (0x00000000)
 - private volatile 'eetop' 'J' @16  2078547633360 (0x000001e3f317e4d0)
 - private final 'tid' 'J' @24  3 (0x0000000000000003)
 - 'threadLocalRandomSeed' 'J' @32  0 (0x0000000000000000)
 - injected 'jvmti_thread_state' 'J' @40  2076960122464 (0x000001e394786660)
 - 'threadLocalRandomSecondarySeed' 'I' @48  0 (0x00000000)
 - injected 'jvmti_VTMS_transition_disable_count' 'I' @52  0 (0x00000000)
 - injected 'jfr_epoch' 'S' @56  0 (0x0000)
 - volatile 'interrupted' 'Z' @58  false (0x00)
 - injected 'jvmti_is_in_VTMS_transition' 'Z' @59  false (0x00)
 - private volatile 'name' 'Ljava/lang/String;' @60  "main"{0x00000006d6401f58} (0xdac803eb)
 - private volatile 'contextClassLoader' 'Ljava/lang/ClassLoader;' @64  a 'jdk/internal/loader/ClassLoaders$AppClassLoader'{0x00000006d6418e38} (0xdac831c7)
 - private final 'holder' 'Ljava/lang/Thread$FieldHolder;' @68  a 'java/lang/Thread$FieldHolder'{0x00000006d6401f98} (0xdac803f3)
 - 'threadLocals' 'Ljava/lang/ThreadLocal$ThreadLocalMap;' @72  a 'java/lang/ThreadLocal$ThreadLocalMap'{0x00000006d6017160} (0xdac02e2c)
 - 'inheritableThreadLocals' 'Ljava/lang/ThreadLocal$ThreadLocalMap;' @76  null (0x00000000)
 - private 'scopedValueBindings' 'Ljava/lang/Object;' @80  a 'java/lang/Class'{0x00000007ffc7c280} = 'java/lang/Thread' (0xfff8f850)
 - final 'interruptLock' 'Ljava/lang/Object;' @84  a 'java/lang/Object'{0x00000006d6401f88} (0xdac803f1)
 - private volatile 'parkBlocker' 'Ljava/lang/Object;' @88  null (0x00000000)
 - private 'nioBlocker' 'Lsun/nio/ch/Interruptible;' @92  null (0x00000000)
 - private 'cont' 'Ljdk/internal/vm/Continuation;' @96  null (0x00000000)
 - private volatile 'uncaughtExceptionHandler' 'Ljava/lang/Thread$UncaughtExceptionHandler;' @100  null (0x00000000)
 - private 'container' 'Ljdk/internal/vm/ThreadContainer;' @104  null (0x00000000)
 - private volatile 'headStackableScopes' 'Ljdk/internal/vm/StackableScope;' @108  null (0x00000000)
R10=0x00007ffa30199fc0 jvm.dll
R11=0x0000000000000004 is an unknown value
R12=0x0000006a179fe7f0 is pointing into the stack for thread: 0x000001e3f317e4d0
R13=0x000001e3f0c67a60 points into unknown readable memory: 0x00007ffa3010a510 | 10 a5 10 30 fa 7f 00 00
R14=0x000001e3f317e898 points into unknown readable memory: 0x00007ffa301017b0 | b0 17 10 30 fa 7f 00 00
R15=0x000001e3f317e898 points into unknown readable memory: 0x00007ffa301017b0 | b0 17 10 30 fa 7f 00 00

Top of Stack: (sp=0x0000006a179fe680)
0x0000006a179fe680:   0000006a179fe7f0 000001e3da0a6fd0   ....j....o......
0x0000006a179fe690:   0000000000000000 000001e3f2c72d90   .........-......
0x0000006a179fe6a0:   000000000000001a 00007ffa9d6134db   .........4a.....
0x0000006a179fe6b0:   0000000000000000 000001e3f317e898   ................
0x0000006a179fe6c0:   0000006a179fe701 0000000000000000   ....j...........
0x0000006a179fe6d0:   000001e3db7c7bf0 00007ffa9d612134   .{|.....4!a.....
0x0000006a179fe6e0:   0000000000000000 000000000000001a   ................
0x0000006a179fe6f0:   0000000000000000 000000000000001a   ................
0x0000006a179fe700:   0000000900000002 000001e3db954120   ........ A......
0x0000006a179fe710:   000001e3db7c7bf0 000001e3db7c7c58   .{|.....X||.....
0x0000006a179fe720:   000001e3db7c7c60 00000000000016f4   `||.............
0x0000006a179fe730:   0000000000000000 0000000000000000   ................
0x0000006a179fe740:   0000000000000000 00007ffa2f9658e4   .........X./....
0x0000006a179fe750:   00007ffa9d76ae00 0000000000004674   ..v.....tF......
0x0000006a179fe760:   00007ffa9d76ae00 00000000ffffffff   ..v.............
0x0000006a179fe770:   0000000000000000 00007ffa9d6129aa   .........)a.....
0x0000006a179fe780:   000001e3f317e898 0000000000000000   ................
0x0000006a179fe790:   0000006a179fe7f9 000001e3f0c67a60   ....j...`z......
0x0000006a179fe7a0:   000001e3000021b4 0000000000000000   .!..............
0x0000006a179fe7b0:   0000000000000000 00007ffac611fc09   ................
0x0000006a179fe7c0:   000001e3f317e898 00007ffa9d76ae00   ..........v.....
0x0000006a179fe7d0:   0000000000000000 00007ffa9d6abc53   ........S.j.....
0x0000006a179fe7e0:   0000000000000000 000001e3f317e898   ................
0x0000006a179fe7f0:   000001e3db89c720 000001e3db89ca60    .......`.......
0x0000006a179fe800:   000001e3db89ca60 00007ffa9d76ae00   `.........v.....
0x0000006a179fe810:   000001e3f30dbee8 0000006a179fe988   ............j...
0x0000006a179fe820:   0000006a179feac0 0000000000008840   ....j...@.......
0x0000006a179fe830:   00007ffa9d75d080 00007ffa9d76ae50   ..u.....P.v.....
0x0000006a179fe840:   0000000000989680 0000000000989680   ................
0x0000006a179fe850:   0000006a179fe960 00007ffa9d60d561   `...j...a.`.....
0x0000006a179fe860:   00007ffa9d76ae00 00007ffa9d76ae58   ..v.....X.v.....
0x0000006a179fe870:   00007ffa00000000 004f5c9500000001   .............\O.

Instructions: (pc=0x00007ffa9d613004)
  0x00007ffa9d612f04:   cc cc cc cc cc cc cc cc cc cc cc cc cc cc cc cc
  0x00007ffa9d612f14:   cc cc cc cc cc cc cc cc cc cc cc cc cc cc cc cc
  0x00007ffa9d612f24:   cc cc cc cc cc cc cc cc cc cc cc cc cc cc cc cc
  0x00007ffa9d612f34:   cc cc cc cc cc cc cc cc cc cc cc cc cc cc cc cc
  0x00007ffa9d612f44:   cc cc cc cc cc cc cc cc cc cc cc cc cc cc cc cc
  0x00007ffa9d612f54:   cc cc cc cc cc cc cc cc cc cc cc cc cc cc cc cc
  0x00007ffa9d612f64:   cc cc cc cc cc cc cc cc cc cc cc cc cc cc cc cc
  0x00007ffa9d612f74:   cc cc cc cc cc cc cc cc cc cc cc cc cc cc cc cc
  0x00007ffa9d612f84:   cc cc cc cc cc cc cc cc cc cc cc cc 40 57 48 83
  0x00007ffa9d612f94:   ec 20 48 8b f9 48 8b 0d 30 80 15 00 48 85 c9 74
  0x00007ffa9d612fa4:   20 48 8b 01 48 8d 54 24 38 41 b8 06 00 01 00 4c
  0x00007ffa9d612fb4:   8b 48 30 41 ff d1 85 c0 75 07 48 8b 4c 24 38 eb
  0x00007ffa9d612fc4:   02 33 c9 4c 8b 05 0a 81 15 00 48 89 5c 24 30 4d
  0x00007ffa9d612fd4:   85 c0 74 4a 48 8b 01 48 8b d7 4c 8b 88 28 03 00
  0x00007ffa9d612fe4:   00 41 ff d1 48 85 c0 74 35 48 63 0d b8 3d 15 00
  0x00007ffa9d612ff4:   48 8b 14 01 48 85 d2 74 15 48 63 05 bc 3d 15 00
=>0x00007ffa9d613004:   8b 04 10 48 8b 5c 24 30 48 83 c4 20 5f c3 b8 ff
  0x00007ffa9d613014:   ff ff ff 48 8b 5c 24 30 48 83 c4 20 5f c3 80 3d
  0x00007ffa9d613024:   bb 7f 15 00 00 bb ff ff ff ff 74 20 4c 8b 0d 51
  0x00007ffa9d613034:   7c 15 00 4c 8d 44 24 38 48 8b 0d 35 7c 15 00 48
  0x00007ffa9d613044:   8b d7 41 ff d1 85 c0 0f 44 5c 24 38 8b c3 48 8b
  0x00007ffa9d613054:   5c 24 30 48 83 c4 20 5f c3 cc cc cc cc cc cc cc
  0x00007ffa9d613064:   cc cc cc cc cc cc cc cc cc cc cc cc cc cc cc cc
  0x00007ffa9d613074:   cc cc cc cc cc cc cc cc cc cc cc cc cc cc cc cc
  0x00007ffa9d613084:   cc cc cc cc cc cc cc cc cc cc cc cc 48 89 54 24
  0x00007ffa9d613094:   10 53 55 56 57 41 56 41 57 48 83 ec 28 48 8b f2
  0x00007ffa9d6130a4:   4c 8b f1 48 89 4c 24 78 45 33 ff 44 89 7c 24 68
  0x00007ffa9d6130b4:   c7 44 24 60 01 00 00 00 48 8d 4c 24 68 e8 69 3c
  0x00007ffa9d6130c4:   f7 ff 8b d8 48 8d 4c 24 60 e8 5d 3c f7 ff 8b e8
  0x00007ffa9d6130d4:   49 8b ce e8 33 f3 f6 ff 48 8b f8 90 8b c3 f0 0f
  0x00007ffa9d6130e4:   b1 2f 74 04 f3 90 eb f4 4c 89 3e 4c 89 7e 08 4c
  0x00007ffa9d6130f4:   89 7e 10 49 8b 6e 08 4d 8b 76 10 49 3b ee 0f 84


Stack slot to memory mapping:

stack at sp + 0 slots: 0x0000006a179fe7f0 is pointing into the stack for thread: 0x000001e3f317e4d0
stack at sp + 1 slots: 0x000001e3da0a6fd0 points into unknown readable memory: 0x00000006d6401ee8 | e8 1e 40 d6 06 00 00 00
stack at sp + 2 slots: 0x0 is null
stack at sp + 3 slots: 0x000001e3f2c72d90 points into unknown readable memory: 0x6e616c2e6176616a | 6a 61 76 61 2e 6c 61 6e
stack at sp + 4 slots: 0x000000000000001a is an unknown value
stack at sp + 5 slots: 0x00007ffa9d6134db libasyncProfiler.dll
stack at sp + 6 slots: 0x0 is null
stack at sp + 7 slots: 0x000001e3f317e898 points into unknown readable memory: 0x00007ffa301017b0 | b0 17 10 30 fa 7f 00 00

Lock stack of current Java thread (top to bottom):


---------------  P R O C E S S  ---------------

Threads class SMR info:
_java_thread_list=0x000001e3da81dc20, length=15, elements={
0x000001e3f317e4d0, 0x000001e3f2e02a70, 0x000001e3f2e033b0, 0x000001e3f2e07e40,
0x000001e3f2e08970, 0x000001e3f2e09c40, 0x000001e3f2e0ab40, 0x000001e3f2e0d460,
0x000001e3946fc600, 0x000001e3947bda60, 0x000001e394954450, 0x000001e3db51b9f0,
0x000001e3946fa7c0, 0x000001e3946fcd90, 0x000001e3db919750
}

Java Threads: ( => current thread )
=>0x000001e3f317e4d0 JavaThread "main"                              [_thread_in_native, id=9864, stack(0x0000006a17900000,0x0000006a17a00000) (1024K)]
  0x000001e3f2e02a70 JavaThread "Reference Handler"          daemon [_thread_blocked, id=7808, stack(0x0000006a18100000,0x0000006a18200000) (1024K)]
  0x000001e3f2e033b0 JavaThread "Finalizer"                  daemon [_thread_blocked, id=15472, stack(0x0000006a18200000,0x0000006a18300000) (1024K)]
  0x000001e3f2e07e40 JavaThread "Signal Dispatcher"          daemon [_thread_blocked, id=3608, stack(0x0000006a18300000,0x0000006a18400000) (1024K)]
  0x000001e3f2e08970 JavaThread "Attach Listener"            daemon [_thread_blocked, id=15992, stack(0x0000006a18400000,0x0000006a18500000) (1024K)]
  0x000001e3f2e09c40 JavaThread "Service Thread"             daemon [_thread_blocked, id=12360, stack(0x0000006a18500000,0x0000006a18600000) (1024K)]
  0x000001e3f2e0ab40 JavaThread "Monitor Deflation Thread"   daemon [_thread_blocked, id=11232, stack(0x0000006a18600000,0x0000006a18700000) (1024K)]
  0x000001e3f2e0d460 JavaThread "C2 CompilerThread0"         daemon [_thread_blocked, id=2940, stack(0x0000006a18700000,0x0000006a18800000) (1024K)]
  0x000001e3946fc600 JavaThread "C1 CompilerThread0"         daemon [_thread_blocked, id=7436, stack(0x0000006a18800000,0x0000006a18900000) (1024K)]
  0x000001e3947bda60 JavaThread "Common-Cleaner"             daemon [_thread_blocked, id=1044, stack(0x0000006a18900000,0x0000006a18a00000) (1024K)]
  0x000001e394954450 JavaThread "Monitor Ctrl-Break"         daemon [_thread_in_native, id=17508, stack(0x0000006a18a00000,0x0000006a18b00000) (1024K)]
  0x000001e3db51b9f0 JavaThread "JFR Recorder Thread"        daemon [_thread_in_native, id=15808, stack(0x0000006a18b00000,0x0000006a18c00000) (1024K)]
  0x000001e3946fa7c0 JavaThread "C2 CompilerThread1"         daemon [_thread_blocked, id=2080, stack(0x0000006a18c00000,0x0000006a18d00000) (1024K)]
  0x000001e3946fcd90 JavaThread "C2 CompilerThread2"         daemon [_thread_blocked, id=13712, stack(0x0000006a18d00000,0x0000006a18e00000) (1024K)]
  0x000001e3db919750 JavaThread "JFR Periodic Tasks"         daemon [_thread_blocked, id=5876, stack(0x0000006a18e00000,0x0000006a18f00000) (1024K)]
Total: 15

Other Threads:
  0x000001e3f2df12e0 VMThread "VM Thread"                           [id=12760, stack(0x0000006a18000000,0x0000006a18100000) (1024K)]
  0x000001e3f2dd5200 WatcherThread "VM Periodic Task Thread"        [id=1588, stack(0x0000006a17f00000,0x0000006a18000000) (1024K)]
  0x000001e3f2cee1c0 WorkerThread "GC Thread#0"                     [id=13408, stack(0x0000006a17a00000,0x0000006a17b00000) (1024K)]
  0x000001e3f2d17890 ConcurrentGCThread "G1 Main Marker"            [id=3920, stack(0x0000006a17b00000,0x0000006a17c00000) (1024K)]
  0x000001e3f2d19900 WorkerThread "G1 Conc#0"                       [id=12284, stack(0x0000006a17c00000,0x0000006a17d00000) (1024K)]
  0x000001e3f2dc91b0 ConcurrentGCThread "G1 Refine#0"               [id=13688, stack(0x0000006a17d00000,0x0000006a17e00000) (1024K)]
  0x000001e3f2dc9ae0 ConcurrentGCThread "G1 Service"                [id=3664, stack(0x0000006a17e00000,0x0000006a17f00000) (1024K)]
Total: 7

Threads with active compile tasks:
Total: 0

VM state: not at safepoint (normal execution)

VM Mutex/Monitor currently owned by a thread: None

Heap address: 0x00000006c2800000, size: 5080 MB, Compressed Oops mode: Zero based, Oop shift amount: 3

CDS archive(s) mapped at: [0x000001e395000000-0x000001e395d40000-0x000001e395d40000), size 13893632, SharedBaseAddress: 0x000001e395000000, ArchiveRelocationMode: 1.
Compressed class space mapped at: 0x000001e396000000-0x000001e3d6000000, reserved size: 1073741824
UseCompressedClassPointers 1, UseCompactObjectHeaders 0
Narrow klass pointer bits 32, Max shift 3
Narrow klass base: 0x000001e395000000, Narrow klass shift: 0
Encoding Range: [0x000001e395000000 - 0x000001e495000000), (4294967296 bytes)
Klass Range:    [0x000001e395000000 - 0x000001e3d6000000), (1090519040 bytes)
Klass ID Range:  [8 - 1090519033) (1090519025)

GC Precious Log:
 CardTable entry size: 512
 Card Set container configuration: InlinePtr #cards 4 size 8 Array Of Cards #cards 32 size 80 Howl #buckets 8 coarsen threshold 7372 Howl Bitmap #cards 1024 size 144 coarsen threshold 921 Card regions per heap region 1 cards per card region 8192
 CPUs: 8 total, 8 available
 Memory: 20316M
 Large Page Support: Disabled
 NUMA Support: Disabled
 Compressed Oops: Enabled (Zero based)
 Heap Region Size: 4M
 Heap Min Capacity: 8M
 Heap Initial Capacity: 320M
 Heap Max Capacity: 5080M
 Pre-touch: Disabled
 Parallel Workers: 8
 Concurrent Workers: 2
 Concurrent Refinement Workers: 8
 Periodic GC: Disabled

Heap:
 garbage-first heap   total reserved 5201920K, committed 331776K, used 21616K [0x00000006c2800000, 0x0000000800000000)
  region size 4096K, 6 young (24576K), 0 survivors (0K)
 Metaspace       used 5560K, committed 5696K, reserved 1114112K
  class space    used 460K, committed 512K, reserved 1048576K

Heap Regions: E=young(eden), S=young(survivor), O=old, HS=humongous(starts), HC=humongous(continues), CS=collection set, F=free, TAMS=top-at-mark-start, PB=parsable bottom
|   0|0x00000006c2800000, 0x00000006c2800000, 0x00000006c2c00000|  0%| F|  |TAMS 0x00000006c2800000| PB 0x00000006c2800000| Untracked |  0
|   1|0x00000006c2c00000, 0x00000006c2c00000, 0x00000006c3000000|  0%| F|  |TAMS 0x00000006c2c00000| PB 0x00000006c2c00000| Untracked |  0
|   2|0x00000006c3000000, 0x00000006c3000000, 0x00000006c3400000|  0%| F|  |TAMS 0x00000006c3000000| PB 0x00000006c3000000| Untracked |  0
|   3|0x00000006c3400000, 0x00000006c3400000, 0x00000006c3800000|  0%| F|  |TAMS 0x00000006c3400000| PB 0x00000006c3400000| Untracked |  0
|   4|0x00000006c3800000, 0x00000006c3800000, 0x00000006c3c00000|  0%| F|  |TAMS 0x00000006c3800000| PB 0x00000006c3800000| Untracked |  0
|   5|0x00000006c3c00000, 0x00000006c3c00000, 0x00000006c4000000|  0%| F|  |TAMS 0x00000006c3c00000| PB 0x00000006c3c00000| Untracked |  0
|   6|0x00000006c4000000, 0x00000006c4000000, 0x00000006c4400000|  0%| F|  |TAMS 0x00000006c4000000| PB 0x00000006c4000000| Untracked |  0
|   7|0x00000006c4400000, 0x00000006c4400000, 0x00000006c4800000|  0%| F|  |TAMS 0x00000006c4400000| PB 0x00000006c4400000| Untracked |  0
|   8|0x00000006c4800000, 0x00000006c4800000, 0x00000006c4c00000|  0%| F|  |TAMS 0x00000006c4800000| PB 0x00000006c4800000| Untracked |  0
|   9|0x00000006c4c00000, 0x00000006c4c00000, 0x00000006c5000000|  0%| F|  |TAMS 0x00000006c4c00000| PB 0x00000006c4c00000| Untracked |  0
|  10|0x00000006c5000000, 0x00000006c5000000, 0x00000006c5400000|  0%| F|  |TAMS 0x00000006c5000000| PB 0x00000006c5000000| Untracked |  0
|  11|0x00000006c5400000, 0x00000006c5400000, 0x00000006c5800000|  0%| F|  |TAMS 0x00000006c5400000| PB 0x00000006c5400000| Untracked |  0
|  12|0x00000006c5800000, 0x00000006c5800000, 0x00000006c5c00000|  0%| F|  |TAMS 0x00000006c5800000| PB 0x00000006c5800000| Untracked |  0
|  13|0x00000006c5c00000, 0x00000006c5c00000, 0x00000006c6000000|  0%| F|  |TAMS 0x00000006c5c00000| PB 0x00000006c5c00000| Untracked |  0
|  14|0x00000006c6000000, 0x00000006c6000000, 0x00000006c6400000|  0%| F|  |TAMS 0x00000006c6000000| PB 0x00000006c6000000| Untracked |  0
|  15|0x00000006c6400000, 0x00000006c6400000, 0x00000006c6800000|  0%| F|  |TAMS 0x00000006c6400000| PB 0x00000006c6400000| Untracked |  0
|  16|0x00000006c6800000, 0x00000006c6800000, 0x00000006c6c00000|  0%| F|  |TAMS 0x00000006c6800000| PB 0x00000006c6800000| Untracked |  0
|  17|0x00000006c6c00000, 0x00000006c6c00000, 0x00000006c7000000|  0%| F|  |TAMS 0x00000006c6c00000| PB 0x00000006c6c00000| Untracked |  0
|  18|0x00000006c7000000, 0x00000006c7000000, 0x00000006c7400000|  0%| F|  |TAMS 0x00000006c7000000| PB 0x00000006c7000000| Untracked |  0
|  19|0x00000006c7400000, 0x00000006c7400000, 0x00000006c7800000|  0%| F|  |TAMS 0x00000006c7400000| PB 0x00000006c7400000| Untracked |  0
|  20|0x00000006c7800000, 0x00000006c7800000, 0x00000006c7c00000|  0%| F|  |TAMS 0x00000006c7800000| PB 0x00000006c7800000| Untracked |  0
|  21|0x00000006c7c00000, 0x00000006c7c00000, 0x00000006c8000000|  0%| F|  |TAMS 0x00000006c7c00000| PB 0x00000006c7c00000| Untracked |  0
|  22|0x00000006c8000000, 0x00000006c8000000, 0x00000006c8400000|  0%| F|  |TAMS 0x00000006c8000000| PB 0x00000006c8000000| Untracked |  0
|  23|0x00000006c8400000, 0x00000006c8400000, 0x00000006c8800000|  0%| F|  |TAMS 0x00000006c8400000| PB 0x00000006c8400000| Untracked |  0
|  24|0x00000006c8800000, 0x00000006c8800000, 0x00000006c8c00000|  0%| F|  |TAMS 0x00000006c8800000| PB 0x00000006c8800000| Untracked |  0
|  25|0x00000006c8c00000, 0x00000006c8c00000, 0x00000006c9000000|  0%| F|  |TAMS 0x00000006c8c00000| PB 0x00000006c8c00000| Untracked |  0
|  26|0x00000006c9000000, 0x00000006c9000000, 0x00000006c9400000|  0%| F|  |TAMS 0x00000006c9000000| PB 0x00000006c9000000| Untracked |  0
|  27|0x00000006c9400000, 0x00000006c9400000, 0x00000006c9800000|  0%| F|  |TAMS 0x00000006c9400000| PB 0x00000006c9400000| Untracked |  0
|  28|0x00000006c9800000, 0x00000006c9800000, 0x00000006c9c00000|  0%| F|  |TAMS 0x00000006c9800000| PB 0x00000006c9800000| Untracked |  0
|  29|0x00000006c9c00000, 0x00000006c9c00000, 0x00000006ca000000|  0%| F|  |TAMS 0x00000006c9c00000| PB 0x00000006c9c00000| Untracked |  0
|  30|0x00000006ca000000, 0x00000006ca000000, 0x00000006ca400000|  0%| F|  |TAMS 0x00000006ca000000| PB 0x00000006ca000000| Untracked |  0
|  31|0x00000006ca400000, 0x00000006ca400000, 0x00000006ca800000|  0%| F|  |TAMS 0x00000006ca400000| PB 0x00000006ca400000| Untracked |  0
|  32|0x00000006ca800000, 0x00000006ca800000, 0x00000006cac00000|  0%| F|  |TAMS 0x00000006ca800000| PB 0x00000006ca800000| Untracked |  0
|  33|0x00000006cac00000, 0x00000006cac00000, 0x00000006cb000000|  0%| F|  |TAMS 0x00000006cac00000| PB 0x00000006cac00000| Untracked |  0
|  34|0x00000006cb000000, 0x00000006cb000000, 0x00000006cb400000|  0%| F|  |TAMS 0x00000006cb000000| PB 0x00000006cb000000| Untracked |  0
|  35|0x00000006cb400000, 0x00000006cb400000, 0x00000006cb800000|  0%| F|  |TAMS 0x00000006cb400000| PB 0x00000006cb400000| Untracked |  0
|  36|0x00000006cb800000, 0x00000006cb800000, 0x00000006cbc00000|  0%| F|  |TAMS 0x00000006cb800000| PB 0x00000006cb800000| Untracked |  0
|  37|0x00000006cbc00000, 0x00000006cbc00000, 0x00000006cc000000|  0%| F|  |TAMS 0x00000006cbc00000| PB 0x00000006cbc00000| Untracked |  0
|  38|0x00000006cc000000, 0x00000006cc000000, 0x00000006cc400000|  0%| F|  |TAMS 0x00000006cc000000| PB 0x00000006cc000000| Untracked |  0
|  39|0x00000006cc400000, 0x00000006cc400000, 0x00000006cc800000|  0%| F|  |TAMS 0x00000006cc400000| PB 0x00000006cc400000| Untracked |  0
|  40|0x00000006cc800000, 0x00000006cc800000, 0x00000006ccc00000|  0%| F|  |TAMS 0x00000006cc800000| PB 0x00000006cc800000| Untracked |  0
|  41|0x00000006ccc00000, 0x00000006ccc00000, 0x00000006cd000000|  0%| F|  |TAMS 0x00000006ccc00000| PB 0x00000006ccc00000| Untracked |  0
|  42|0x00000006cd000000, 0x00000006cd000000, 0x00000006cd400000|  0%| F|  |TAMS 0x00000006cd000000| PB 0x00000006cd000000| Untracked |  0
|  43|0x00000006cd400000, 0x00000006cd400000, 0x00000006cd800000|  0%| F|  |TAMS 0x00000006cd400000| PB 0x00000006cd400000| Untracked |  0
|  44|0x00000006cd800000, 0x00000006cd800000, 0x00000006cdc00000|  0%| F|  |TAMS 0x00000006cd800000| PB 0x00000006cd800000| Untracked |  0
|  45|0x00000006cdc00000, 0x00000006cdc00000, 0x00000006ce000000|  0%| F|  |TAMS 0x00000006cdc00000| PB 0x00000006cdc00000| Untracked |  0
|  46|0x00000006ce000000, 0x00000006ce000000, 0x00000006ce400000|  0%| F|  |TAMS 0x00000006ce000000| PB 0x00000006ce000000| Untracked |  0
|  47|0x00000006ce400000, 0x00000006ce400000, 0x00000006ce800000|  0%| F|  |TAMS 0x00000006ce400000| PB 0x00000006ce400000| Untracked |  0
|  48|0x00000006ce800000, 0x00000006ce800000, 0x00000006cec00000|  0%| F|  |TAMS 0x00000006ce800000| PB 0x00000006ce800000| Untracked |  0
|  49|0x00000006cec00000, 0x00000006cec00000, 0x00000006cf000000|  0%| F|  |TAMS 0x00000006cec00000| PB 0x00000006cec00000| Untracked |  0
|  50|0x00000006cf000000, 0x00000006cf000000, 0x00000006cf400000|  0%| F|  |TAMS 0x00000006cf000000| PB 0x00000006cf000000| Untracked |  0
|  51|0x00000006cf400000, 0x00000006cf400000, 0x00000006cf800000|  0%| F|  |TAMS 0x00000006cf400000| PB 0x00000006cf400000| Untracked |  0
|  52|0x00000006cf800000, 0x00000006cf800000, 0x00000006cfc00000|  0%| F|  |TAMS 0x00000006cf800000| PB 0x00000006cf800000| Untracked |  0
|  53|0x00000006cfc00000, 0x00000006cfc00000, 0x00000006d0000000|  0%| F|  |TAMS 0x00000006cfc00000| PB 0x00000006cfc00000| Untracked |  0
|  54|0x00000006d0000000, 0x00000006d0000000, 0x00000006d0400000|  0%| F|  |TAMS 0x00000006d0000000| PB 0x00000006d0000000| Untracked |  0
|  55|0x00000006d0400000, 0x00000006d0400000, 0x00000006d0800000|  0%| F|  |TAMS 0x00000006d0400000| PB 0x00000006d0400000| Untracked |  0
|  56|0x00000006d0800000, 0x00000006d0800000, 0x00000006d0c00000|  0%| F|  |TAMS 0x00000006d0800000| PB 0x00000006d0800000| Untracked |  0
|  57|0x00000006d0c00000, 0x00000006d0c00000, 0x00000006d1000000|  0%| F|  |TAMS 0x00000006d0c00000| PB 0x00000006d0c00000| Untracked |  0
|  58|0x00000006d1000000, 0x00000006d1000000, 0x00000006d1400000|  0%| F|  |TAMS 0x00000006d1000000| PB 0x00000006d1000000| Untracked |  0
|  59|0x00000006d1400000, 0x00000006d1400000, 0x00000006d1800000|  0%| F|  |TAMS 0x00000006d1400000| PB 0x00000006d1400000| Untracked |  0
|  60|0x00000006d1800000, 0x00000006d1800000, 0x00000006d1c00000|  0%| F|  |TAMS 0x00000006d1800000| PB 0x00000006d1800000| Untracked |  0
|  61|0x00000006d1c00000, 0x00000006d1c00000, 0x00000006d2000000|  0%| F|  |TAMS 0x00000006d1c00000| PB 0x00000006d1c00000| Untracked |  0
|  62|0x00000006d2000000, 0x00000006d2000000, 0x00000006d2400000|  0%| F|  |TAMS 0x00000006d2000000| PB 0x00000006d2000000| Untracked |  0
|  63|0x00000006d2400000, 0x00000006d2400000, 0x00000006d2800000|  0%| F|  |TAMS 0x00000006d2400000| PB 0x00000006d2400000| Untracked |  0
|  64|0x00000006d2800000, 0x00000006d2800000, 0x00000006d2c00000|  0%| F|  |TAMS 0x00000006d2800000| PB 0x00000006d2800000| Untracked |  0
|  65|0x00000006d2c00000, 0x00000006d2c00000, 0x00000006d3000000|  0%| F|  |TAMS 0x00000006d2c00000| PB 0x00000006d2c00000| Untracked |  0
|  66|0x00000006d3000000, 0x00000006d3000000, 0x00000006d3400000|  0%| F|  |TAMS 0x00000006d3000000| PB 0x00000006d3000000| Untracked |  0
|  67|0x00000006d3400000, 0x00000006d3400000, 0x00000006d3800000|  0%| F|  |TAMS 0x00000006d3400000| PB 0x00000006d3400000| Untracked |  0
|  68|0x00000006d3800000, 0x00000006d3800000, 0x00000006d3c00000|  0%| F|  |TAMS 0x00000006d3800000| PB 0x00000006d3800000| Untracked |  0
|  69|0x00000006d3c00000, 0x00000006d3c00000, 0x00000006d4000000|  0%| F|  |TAMS 0x00000006d3c00000| PB 0x00000006d3c00000| Untracked |  0
|  70|0x00000006d4000000, 0x00000006d4000000, 0x00000006d4400000|  0%| F|  |TAMS 0x00000006d4000000| PB 0x00000006d4000000| Untracked |  0
|  71|0x00000006d4400000, 0x00000006d4400000, 0x00000006d4800000|  0%| F|  |TAMS 0x00000006d4400000| PB 0x00000006d4400000| Untracked |  0
|  72|0x00000006d4800000, 0x00000006d4800000, 0x00000006d4c00000|  0%| F|  |TAMS 0x00000006d4800000| PB 0x00000006d4800000| Untracked |  0
|  73|0x00000006d4c00000, 0x00000006d4c00000, 0x00000006d5000000|  0%| F|  |TAMS 0x00000006d4c00000| PB 0x00000006d4c00000| Untracked |  0
|  74|0x00000006d5000000, 0x00000006d522c9c8, 0x00000006d5400000| 54%| E|  |TAMS 0x00000006d5000000| PB 0x00000006d5000000| Complete |  0
|  75|0x00000006d5400000, 0x00000006d5800000, 0x00000006d5800000|100%| E|CS|TAMS 0x00000006d5400000| PB 0x00000006d5400000| Complete |  0
|  76|0x00000006d5800000, 0x00000006d5c00000, 0x00000006d5c00000|100%| E|CS|TAMS 0x00000006d5800000| PB 0x00000006d5800000| Complete |  0
|  77|0x00000006d5c00000, 0x00000006d6000000, 0x00000006d6000000|100%| E|CS|TAMS 0x00000006d5c00000| PB 0x00000006d5c00000| Complete |  0
|  78|0x00000006d6000000, 0x00000006d6400000, 0x00000006d6400000|100%| E|CS|TAMS 0x00000006d6000000| PB 0x00000006d6000000| Complete |  0
|  79|0x00000006d6400000, 0x00000006d6800000, 0x00000006d6800000|100%| E|CS|TAMS 0x00000006d6400000| PB 0x00000006d6400000| Complete |  0
|1269|0x00000007ffc00000, 0x00000007ffd1c348, 0x0000000800000000| 27%| O|  |TAMS 0x00000007ffc00000| PB 0x00000007ffc00000| Untracked |  0

Card table byte_map: [0x000001e3fd3e0000,0x000001e3fddd0000] _byte_map_base: 0x000001e3f9dcc000

Marking Bits: (CMBitMap*) 0x000001e3f2cee7e0
 Bits: [0x000001e38f000000, 0x000001e393f60000)

Polling page: 0x000001e3f0e50000

Metaspace:

Usage:
  Non-class:      4.98 MB used.
      Class:    460.56 KB used.
       Both:      5.43 MB used.

Virtual space:
  Non-class space:       64.00 MB reserved,       5.06 MB (  8%) committed,  1 nodes.
      Class space:        1.00 GB reserved,     512.00 KB ( <1%) committed,  1 nodes.
             Both:        1.06 GB reserved,       5.56 MB ( <1%) committed. 

Chunk freelists:
   Non-Class:  10.92 MB
       Class:  15.52 MB
        Both:  26.45 MB

MaxMetaspaceSize: unlimited
CompressedClassSpaceSize: 1.00 GB
Initial GC threshold: 21.00 MB
Current GC threshold: 21.00 MB
CDS: on
 - commit_granule_bytes: 65536.
 - commit_granule_words: 8192.
 - virtual_space_node_default_size: 8388608.
 - enlarge_chunks_in_place: 1.
UseCompressedClassPointers 1, UseCompactObjectHeaders 0
Narrow klass pointer bits 32, Max shift 3
Narrow klass base: 0x000001e395000000, Narrow klass shift: 0
Encoding Range: [0x000001e395000000 - 0x000001e495000000), (4294967296 bytes)
Klass Range:    [0x000001e395000000 - 0x000001e3d6000000), (1090519040 bytes)
Klass ID Range:  [8 - 1090519033) (1090519025)


Internal statistics:

num_allocs_failed_limit: 0.
num_arena_births: 70.
num_arena_deaths: 0.
num_vsnodes_births: 2.
num_vsnodes_deaths: 0.
num_space_committed: 89.
num_space_uncommitted: 0.
num_chunks_returned_to_freelist: 0.
num_chunks_taken_from_freelist: 77.
num_chunk_merges: 0.
num_chunk_splits: 53.
num_chunks_enlarged: 34.
num_inconsistent_stats: 0.

CodeHeap 'non-profiled nmethods': size=120064Kb used=408Kb max_used=408Kb free=119655Kb
 bounds [0x000001e387ac0000, 0x000001e387d30000, 0x000001e38f000000]
CodeHeap 'profiled nmethods': size=120000Kb used=1693Kb max_used=1693Kb free=118306Kb
 bounds [0x000001e380000000, 0x000001e380270000, 0x000001e387530000]
CodeHeap 'non-nmethods': size=5696Kb used=1297Kb max_used=1329Kb free=4398Kb
 bounds [0x000001e387530000, 0x000001e3877a0000, 0x000001e387ac0000]
CodeCache: size=245760Kb, used=3398Kb, max_used=3430Kb, free=242359Kb
 total_blobs=1736, nmethods=1270, adapters=372, full_count=0
Compilation: enabled, stopped_count=0, restarted_count=0

Compilation events (20 events):
Event: 0.788 Thread 0x000001e3946fc600 1264       1       jdk.jfr.internal.EventControl::getNamedControls (5 bytes)
Event: 0.788 Thread 0x000001e3946fc600 nmethod 1264 0x000001e387b24608 code [0x000001e387b24700, 0x000001e387b247c8]
Event: 0.788 Thread 0x000001e3946fc600 1265       1       jdk.jfr.internal.PlatformEventType::isEnabled (5 bytes)
Event: 0.788 Thread 0x000001e3946fc600 nmethod 1265 0x000001e387b24908 code [0x000001e387b24a00, 0x000001e387b24ac8]
Event: 0.788 Thread 0x000001e3946fc600 1266       3       java.lang.String::endsWith (15 bytes)
Event: 0.788 Thread 0x000001e3946fc600 nmethod 1266 0x000001e3801a4708 code [0x000001e3801a4860, 0x000001e3801a4e28]
Event: 0.788 Thread 0x000001e3946fc600 1268   !   3       jdk.jfr.internal.Control::setValue (102 bytes)
Event: 0.790 Thread 0x000001e3946fc600 nmethod 1268 0x000001e3801a4e88 code [0x000001e3801a5120, 0x000001e3801a65a0]
Event: 0.790 Thread 0x000001e3946fc600 1267       3       java.lang.StringLatin1::getChar (9 bytes)
Event: 0.790 Thread 0x000001e3946fc600 nmethod 1267 0x000001e3801a6688 code [0x000001e3801a67a0, 0x000001e3801a68c0]
Event: 0.791 Thread 0x000001e3946fcd90 nmethod 1260 0x000001e387b24c08 code [0x000001e387b24d20, 0x000001e387b25340]
Event: 0.792 Thread 0x000001e3946fc600 1269       1       jdk.jfr.internal.periodic.EventTask::getEventType (5 bytes)
Event: 0.792 Thread 0x000001e3946fc600 nmethod 1269 0x000001e387b25388 code [0x000001e387b25480, 0x000001e387b25548]
Event: 0.792 Thread 0x000001e3946fc600 1270       1       jdk.jfr.internal.periodic.PeriodicTask::getPeriod (5 bytes)
Event: 0.792 Thread 0x000001e3946fc600 nmethod 1270 0x000001e387b25688 code [0x000001e387b25780, 0x000001e387b25848]
Event: 0.792 Thread 0x000001e3946fc600 1271       3       java.util.Comparator$$Lambda/0x000001e396039a88::compare (10 bytes)
Event: 0.793 Thread 0x000001e3946fc600 nmethod 1271 0x000001e3801a6988 code [0x000001e3801a6ae0, 0x000001e3801a6f70]
Event: 0.793 Thread 0x000001e3946fc600 1272       3       java.util.Comparator::lambda$comparingLong$6043328a$1 (18 bytes)
Event: 0.793 Thread 0x000001e3946fc600 nmethod 1272 0x000001e3801a7008 code [0x000001e3801a7160, 0x000001e3801a7558]
Event: 0.796 Thread 0x000001e3f2e0d460 nmethod 1250 0x000001e387b25988 code [0x000001e387b25aa0, 0x000001e387b26130]

GC Heap History (0 events):
No events

Dll operation events (9 events):
Event: 0.098 Loaded shared library C:\Users\Admin\.jdks\openjdk-24\bin\java.dll
Event: 0.099 Loaded shared library C:\Users\Admin\.jdks\openjdk-24\bin\zip.dll
Event: 0.133 Loaded shared library C:\Users\Admin\.jdks\openjdk-24\bin\jsvml.dll
Event: 0.194 Loaded shared library C:\Users\Admin\.jdks\openjdk-24\bin\instrument.dll
Event: 0.200 Loaded shared library C:\Users\Admin\.jdks\openjdk-24\bin\net.dll
Event: 0.202 Loaded shared library C:\Users\Admin\.jdks\openjdk-24\bin\nio.dll
Event: 0.209 Loaded shared library C:\Users\Admin\.jdks\openjdk-24\bin\zip.dll
Event: 0.242 Loaded shared library C:\Users\Admin\.jdks\openjdk-24\bin\extnet.dll
Event: 0.396 Loaded shared library C:\Users\Admin\.jdks\openjdk-24\bin\jimage.dll

Deoptimization events (20 events):
Event: 0.700 Thread 0x000001e3f317e4d0 Uncommon trap: trap_request=0xffffffd6 fr.pc=0x000001e387b15540 relative=0x00000000000006e0
Event: 0.700 Thread 0x000001e3f317e4d0 Uncommon trap: reason=array_check action=maybe_recompile pc=0x000001e387b15540 method=jdk.internal.classfile.impl.SplitConstantPool.internalAdd(Ljava/lang/classfile/constantpool/PoolEntry;I)Ljava/lang/classfile/constantpool/PoolEntry; @ 46 c2
Event: 0.700 Thread 0x000001e3f317e4d0 DEOPT PACKING pc=0x000001e387b15540 sp=0x0000006a179fceb0
Event: 0.700 Thread 0x000001e3f317e4d0 DEOPT UNPACKING pc=0x000001e387645882 sp=0x0000006a179fce60 mode 2
Event: 0.700 Thread 0x000001e3f317e4d0 Uncommon trap: trap_request=0xffffffd6 fr.pc=0x000001e387b15540 relative=0x00000000000006e0
Event: 0.700 Thread 0x000001e3f317e4d0 Uncommon trap: reason=array_check action=maybe_recompile pc=0x000001e387b15540 method=jdk.internal.classfile.impl.SplitConstantPool.internalAdd(Ljava/lang/classfile/constantpool/PoolEntry;I)Ljava/lang/classfile/constantpool/PoolEntry; @ 46 c2
Event: 0.700 Thread 0x000001e3f317e4d0 DEOPT PACKING pc=0x000001e387b15540 sp=0x0000006a179fce90
Event: 0.700 Thread 0x000001e3f317e4d0 DEOPT UNPACKING pc=0x000001e387645882 sp=0x0000006a179fce40 mode 2
Event: 0.711 Thread 0x000001e3f317e4d0 Uncommon trap: trap_request=0xffffff4d fr.pc=0x000001e387b0f814 relative=0x00000000000000f4
Event: 0.711 Thread 0x000001e3f317e4d0 Uncommon trap: reason=unstable_if action=reinterpret pc=0x000001e387b0f814 method=java.lang.Long.valueOf(J)Ljava/lang/Long; @ 17 c2
Event: 0.711 Thread 0x000001e3f317e4d0 DEOPT PACKING pc=0x000001e387b0f814 sp=0x0000006a179fdd70
Event: 0.711 Thread 0x000001e3f317e4d0 DEOPT UNPACKING pc=0x000001e387645882 sp=0x0000006a179fdd08 mode 2
Event: 0.731 Thread 0x000001e3f317e4d0 Uncommon trap: trap_request=0xffffff4d fr.pc=0x000001e387b1c1c0 relative=0x0000000000000220
Event: 0.731 Thread 0x000001e3f317e4d0 Uncommon trap: reason=unstable_if action=reinterpret pc=0x000001e387b1c1c0 method=java.io.ByteArrayOutputStream.ensureCapacity(I)V @ 11 c2
Event: 0.731 Thread 0x000001e3f317e4d0 DEOPT PACKING pc=0x000001e387b1c1c0 sp=0x0000006a179fdd30
Event: 0.731 Thread 0x000001e3f317e4d0 DEOPT UNPACKING pc=0x000001e387645882 sp=0x0000006a179fdc78 mode 2
Event: 0.737 Thread 0x000001e3f317e4d0 Uncommon trap: trap_request=0xffffff4d fr.pc=0x000001e387b1caa4 relative=0x0000000000000404
Event: 0.737 Thread 0x000001e3f317e4d0 Uncommon trap: reason=unstable_if action=reinterpret pc=0x000001e387b1caa4 method=java.io.ByteArrayOutputStream.ensureCapacity(I)V @ 11 c2
Event: 0.737 Thread 0x000001e3f317e4d0 DEOPT PACKING pc=0x000001e387b1caa4 sp=0x0000006a179fdc90
Event: 0.737 Thread 0x000001e3f317e4d0 DEOPT UNPACKING pc=0x000001e387645882 sp=0x0000006a179fdb80 mode 2

Classes loaded (20 events):
Event: 0.710 Loading class jdk/jfr/internal/MetadataWriter
Event: 0.710 Loading class jdk/jfr/internal/MetadataWriter done
Event: 0.710 Loading class jdk/jfr/internal/MetadataDescriptor$Element
Event: 0.710 Loading class jdk/jfr/internal/MetadataDescriptor$Element done
Event: 0.711 Loading class jdk/jfr/internal/MetadataDescriptor$Attribute
Event: 0.711 Loading class jdk/jfr/internal/MetadataDescriptor$Attribute done
Event: 0.725 Loading class jdk/jfr/internal/consumer/StringParser$Encoding
Event: 0.725 Loading class jdk/jfr/internal/consumer/StringParser$Encoding done
Event: 0.742 Loading class jdk/jfr/internal/consumer/RepositoryFiles
Event: 0.742 Loading class jdk/jfr/internal/consumer/RepositoryFiles done
Event: 0.782 Loading class jdk/jfr/internal/SettingsManager$InternalSetting
Event: 0.782 Loading class jdk/jfr/internal/SettingsManager$InternalSetting done
Event: 0.785 Loading class jdk/jfr/internal/util/Rate
Event: 0.785 Loading class jdk/jfr/internal/util/Rate done
Event: 0.785 Loading class jdk/jfr/internal/util/TimespanUnit
Event: 0.786 Loading class jdk/jfr/internal/util/TimespanUnit done
Event: 0.786 Loading class jdk/jfr/internal/util/ValueParser
Event: 0.786 Loading class jdk/jfr/internal/util/ValueParser done
Event: 0.788 Loading class jdk/jfr/internal/periodic/PeriodicType
Event: 0.788 Loading class jdk/jfr/internal/periodic/PeriodicType done

Classes unloaded (0 events):
No events

Classes redefined (1 events):
Event: 0.262 Thread 0x000001e3f2df12e0 redefined class name=java.lang.Throwable, count=1

Internal exceptions (19 events):
Event: 0.211 Thread 0x000001e3f317e4d0 Exception <a 'java/lang/NoSuchMethodError'{0x00000006d601f3e8}: 'void java.lang.invoke.DirectMethodHandle$Holder.invokeStatic(java.lang.Object, java.lang.Object, java.lang.Object)'> (0x00000006d601f3e8) 
thrown [s\open\src\hotspot\share\interpreter\linkResolver.cpp, line 805]
Event: 0.221 Thread 0x000001e3f317e4d0 Exception <a 'java/lang/NoSuchMethodError'{0x00000006d6053fa8}: 'java.lang.Object java.lang.invoke.Invokers$Holder.invokeExact_MT(java.lang.Object, java.lang.Object, java.lang.Object, java.lang.Object, java.lang.Object)'> (0x00000006d6053fa8) 
thrown [s\open\src\hotspot\share\interpreter\linkResolver.cpp, line 805]
Event: 0.240 Thread 0x000001e394954450 Exception <a 'java/lang/NoSuchMethodError'{0x00000006d61226e8}: 'java.lang.Object java.lang.invoke.DirectMethodHandle$Holder.invokeStaticInit(java.lang.Object)'> (0x00000006d61226e8) 
thrown [s\open\src\hotspot\share\interpreter\linkResolver.cpp, line 805]
Event: 0.245 Thread 0x000001e394954450 Exception <a 'java/lang/NoSuchMethodError'{0x00000006d612efb8}: 'void java.lang.invoke.DirectMethodHandle$Holder.invokeStatic(java.lang.Object, java.lang.Object)'> (0x00000006d612efb8) 
thrown [s\open\src\hotspot\share\interpreter\linkResolver.cpp, line 805]
Event: 0.279 Thread 0x000001e3f317e4d0 Exception <a 'java/lang/NoSuchMethodError'{0x00000006d61f3030}: 'java.lang.Object java.lang.invoke.DirectMethodHandle$Holder.invokeStaticInit(java.lang.Object, java.lang.Object, java.lang.Object)'> (0x00000006d61f3030) 
thrown [s\open\src\hotspot\share\interpreter\linkResolver.cpp, line 805]
Event: 0.428 Thread 0x000001e3f317e4d0 Exception <a 'java/lang/NoSuchMethodError'{0x00000006d5d4a280}: 'java.lang.Object java.lang.invoke.DirectMethodHandle$Holder.invokeStatic(java.lang.Object, int, java.lang.Object)'> (0x00000006d5d4a280) 
thrown [s\open\src\hotspot\share\interpreter\linkResolver.cpp, line 805]
Event: 0.442 Thread 0x000001e3f317e4d0 Exception <a 'java/lang/NoSuchMethodError'{0x00000006d5d92c40}: 'void java.lang.invoke.DirectMethodHandle$Holder.invokeStaticInit(java.lang.Object)'> (0x00000006d5d92c40) 
thrown [s\open\src\hotspot\share\interpreter\linkResolver.cpp, line 805]
Event: 0.460 Thread 0x000001e3f317e4d0 Exception <a 'java/lang/NoSuchMethodError'{0x00000006d5e45ba0}: 'void java.lang.invoke.DirectMethodHandle$Holder.invokeSpecial(java.lang.Object, java.lang.Object, java.lang.Object)'> (0x00000006d5e45ba0) 
thrown [s\open\src\hotspot\share\interpreter\linkResolver.cpp, line 805]
Event: 0.484 Thread 0x000001e3f317e4d0 Exception <a 'java/lang/NoSuchMethodError'{0x00000006d5ec0a40}: 'java.lang.Object java.lang.invoke.DirectMethodHandle$Holder.newInvokeSpecial(java.lang.Object, java.lang.Object, java.lang.Object, java.lang.Object, java.lang.Object)'> (0x00000006d5ec0a40) 
thrown [s\open\src\hotspot\share\interpreter\linkResolver.cpp, line 805]
Event: 0.548 Thread 0x000001e3f317e4d0 Exception <a 'java/lang/NoSuchMethodError'{0x00000006d5879598}: 'long java.lang.invoke.DirectMethodHandle$Holder.invokeVirtual(java.lang.Object, java.lang.Object)'> (0x00000006d5879598) 
thrown [s\open\src\hotspot\share\interpreter\linkResolver.cpp, line 805]
Event: 0.620 Thread 0x000001e3f317e4d0 Exception <a 'java/lang/NoSuchMethodError'{0x00000006d5aeeb88}: 'int java.lang.invoke.DirectMethodHandle$Holder.invokeSpecial(java.lang.Object, java.lang.Object, java.lang.Object)'> (0x00000006d5aeeb88) 
thrown [s\open\src\hotspot\share\interpreter\linkResolver.cpp, line 805]
Event: 0.687 Thread 0x000001e3f317e4d0 Exception <a 'java/lang/NoSuchMethodError'{0x00000006d54c37d8}: 'void java.lang.invoke.DirectMethodHandle$Holder.invokeSpecial(java.lang.Object, java.lang.Object, int)'> (0x00000006d54c37d8) 
thrown [s\open\src\hotspot\share\interpreter\linkResolver.cpp, line 805]
Event: 0.687 Thread 0x000001e3f317e4d0 Exception <a 'java/lang/NoSuchMethodError'{0x00000006d54cb418}: 'void java.lang.invoke.Invokers$Holder.invokeExact_MT(java.lang.Object, int, java.lang.Object)'> (0x00000006d54cb418) 
thrown [s\open\src\hotspot\share\interpreter\linkResolver.cpp, line 805]
Event: 0.690 Thread 0x000001e3f317e4d0 Exception <a 'java/lang/NoSuchMethodError'{0x00000006d54e74d8}: 'void java.lang.invoke.DirectMethodHandle$Holder.invokeStatic(java.lang.Object, java.lang.Object, int)'> (0x00000006d54e74d8) 
thrown [s\open\src\hotspot\share\interpreter\linkResolver.cpp, line 805]
Event: 0.691 Thread 0x000001e3f317e4d0 Exception <a 'java/lang/NoSuchMethodError'{0x00000006d54f6ef8}: 'java.lang.Object java.lang.invoke.DirectMethodHandle$Holder.newInvokeSpecial(java.lang.Object, java.lang.Object, int)'> (0x00000006d54f6ef8) 
thrown [s\open\src\hotspot\share\interpreter\linkResolver.cpp, line 805]
Event: 0.693 Thread 0x000001e3db919750 Exception <a 'java/lang/NoSuchMethodError'{0x00000006d55ecbc0}: 'long java.lang.invoke.DirectMethodHandle$Holder.invokeSpecial(java.lang.Object, java.lang.Object)'> (0x00000006d55ecbc0) 
thrown [s\open\src\hotspot\share\interpreter\linkResolver.cpp, line 805]
Event: 0.697 Thread 0x000001e3f317e4d0 Exception <a 'sun/nio/fs/WindowsException'{0x00000006d5538ce8}> (0x00000006d5538ce8) 
thrown [s\open\src\hotspot\share\prims\jni.cpp, line 518]
Event: 0.700 Thread 0x000001e3f317e4d0 Exception <a 'sun/nio/fs/WindowsException'{0x00000006d5547430}> (0x00000006d5547430) 
thrown [s\open\src\hotspot\share\prims\jni.cpp, line 518]
Event: 0.705 Thread 0x000001e3f317e4d0 Exception <a 'sun/nio/fs/WindowsException'{0x00000006d5559da0}> (0x00000006d5559da0) 
thrown [s\open\src\hotspot\share\prims\jni.cpp, line 518]

VM Operations (8 events):
Event: 0.174 Executing VM operation: HandshakeAllThreads (Deoptimize)
Event: 0.174 Executing VM operation: HandshakeAllThreads (Deoptimize) done
Event: 0.262 Executing VM operation: RedefineClasses
Event: 0.264 Executing VM operation: RedefineClasses done
Event: 0.694 Executing VM operation: HandshakeAllThreads (Deoptimize)
Event: 0.694 Executing VM operation: HandshakeAllThreads (Deoptimize) done
Event: 0.743 Executing VM operation: JFRSafepointClear
Event: 0.743 Executing VM operation: JFRSafepointClear done

Memory protections (0 events):
No events

Nmethod flushes (0 events):
No events

Events (15 events):
Event: 0.116 Thread 0x000001e3f317e4d0 Thread added: 0x000001e3f317e4d0
Event: 0.129 Thread 0x000001e3f317e4d0 Thread added: 0x000001e3f2e02a70
Event: 0.129 Thread 0x000001e3f317e4d0 Thread added: 0x000001e3f2e033b0
Event: 0.129 Thread 0x000001e3f317e4d0 Thread added: 0x000001e3f2e07e40
Event: 0.130 Thread 0x000001e3f317e4d0 Thread added: 0x000001e3f2e08970
Event: 0.130 Thread 0x000001e3f317e4d0 Thread added: 0x000001e3f2e09c40
Event: 0.130 Thread 0x000001e3f317e4d0 Thread added: 0x000001e3f2e0ab40
Event: 0.130 Thread 0x000001e3f317e4d0 Thread added: 0x000001e3f2e0d460
Event: 0.130 Thread 0x000001e3f317e4d0 Thread added: 0x000001e3946fc600
Event: 0.166 Thread 0x000001e3f317e4d0 Thread added: 0x000001e3947bda60
Event: 0.224 Thread 0x000001e3f317e4d0 Thread added: 0x000001e394954450
Event: 0.440 Thread 0x000001e3f317e4d0 Thread added: 0x000001e3db51b9f0
Event: 0.522 Thread 0x000001e3f2e0d460 Thread added: 0x000001e3946fa7c0
Event: 0.571 Thread 0x000001e3946fc600 Thread added: 0x000001e3946fcd90
Event: 0.692 Thread 0x000001e3f317e4d0 Thread added: 0x000001e3db919750


Dynamic libraries:
0x00007ff750590000 - 0x00007ff75059e000 	C:\Users\Admin\.jdks\openjdk-24\bin\java.exe
0x00007ffac8da0000 - 0x00007ffac9005000 	C:\WINDOWS\SYSTEM32\ntdll.dll
0x00007ffac80c0000 - 0x00007ffac8189000 	C:\WINDOWS\System32\KERNEL32.DLL
0x00007ffac6070000 - 0x00007ffac6458000 	C:\WINDOWS\System32\KERNELBASE.dll
0x00007ffac6460000 - 0x00007ffac65ab000 	C:\WINDOWS\System32\ucrtbase.dll
0x00007ffabe800000 - 0x00007ffabe816000 	C:\Users\Admin\.jdks\openjdk-24\bin\jli.dll
0x00007ffabe7e0000 - 0x00007ffabe7fb000 	C:\Users\Admin\.jdks\openjdk-24\bin\VCRUNTIME140.dll
0x00007ffac7db0000 - 0x00007ffac7f7a000 	C:\WINDOWS\System32\USER32.dll
0x00007ffaaf340000 - 0x00007ffaaf5da000 	C:\WINDOWS\WinSxS\amd64_microsoft.windows.common-controls_6595b64144ccf1df_6.0.26100.4202_none_3e0698d4e335f517\COMCTL32.dll
0x00007ffac6040000 - 0x00007ffac6067000 	C:\WINDOWS\System32\win32u.dll
0x00007ffac6e40000 - 0x00007ffac6ee9000 	C:\WINDOWS\System32\msvcrt.dll
0x00007ffac72b0000 - 0x00007ffac72db000 	C:\WINDOWS\System32\GDI32.dll
0x00007ffac6730000 - 0x00007ffac6867000 	C:\WINDOWS\System32\gdi32full.dll
0x00007ffac6870000 - 0x00007ffac6913000 	C:\WINDOWS\System32\msvcp_win.dll
0x00007ffac6e00000 - 0x00007ffac6e30000 	C:\WINDOWS\System32\IMM32.DLL
0x00007ffabe7d0000 - 0x00007ffabe7dc000 	C:\Users\Admin\.jdks\openjdk-24\bin\vcruntime140_1.dll
0x00007ffabe740000 - 0x00007ffabe7ce000 	C:\Users\Admin\.jdks\openjdk-24\bin\msvcp140.dll
0x00007ffa2f4d0000 - 0x00007ffa30272000 	C:\Users\Admin\.jdks\openjdk-24\bin\server\jvm.dll
0x00007ffac6fc0000 - 0x00007ffac7073000 	C:\WINDOWS\System32\ADVAPI32.dll
0x00007ffac7100000 - 0x00007ffac71a6000 	C:\WINDOWS\System32\sechost.dll
0x00007ffac7f90000 - 0x00007ffac80a5000 	C:\WINDOWS\System32\RPCRT4.dll
0x00007ffac74c0000 - 0x00007ffac7534000 	C:\WINDOWS\System32\WS2_32.dll
0x00007ffac4b30000 - 0x00007ffac4b8e000 	C:\WINDOWS\SYSTEM32\POWRPROF.dll
0x00007ffab4c20000 - 0x00007ffab4c2b000 	C:\WINDOWS\SYSTEM32\VERSION.dll
0x00007ffab13e0000 - 0x00007ffab1415000 	C:\WINDOWS\SYSTEM32\WINMM.dll
0x00007ffac4b10000 - 0x00007ffac4b24000 	C:\WINDOWS\SYSTEM32\UMPDC.dll
0x00007ffac4dd0000 - 0x00007ffac4deb000 	C:\WINDOWS\SYSTEM32\kernel.appcore.dll
0x00007ffabe730000 - 0x00007ffabe73a000 	C:\Users\Admin\.jdks\openjdk-24\bin\jimage.dll
0x00007ffabfcc0000 - 0x00007ffabff01000 	C:\WINDOWS\SYSTEM32\DBGHELP.DLL
0x00007ffac7a20000 - 0x00007ffac7da5000 	C:\WINDOWS\System32\combase.dll
0x00007ffac8b70000 - 0x00007ffac8c51000 	C:\WINDOWS\System32\OLEAUT32.dll
0x00007ffaab090000 - 0x00007ffaab0c9000 	C:\WINDOWS\SYSTEM32\dbgcore.DLL
0x00007ffac6aa0000 - 0x00007ffac6b39000 	C:\WINDOWS\System32\bcryptPrimitives.dll
0x00007ffabbd40000 - 0x00007ffabbd4f000 	C:\Users\Admin\.jdks\openjdk-24\bin\instrument.dll
0x00007ffabe710000 - 0x00007ffabe72e000 	C:\Users\Admin\.jdks\openjdk-24\bin\java.dll
0x00007ffac6c50000 - 0x00007ffac6dee000 	C:\WINDOWS\System32\ole32.dll
0x00007ffac8410000 - 0x00007ffac8b52000 	C:\WINDOWS\System32\SHELL32.dll
0x00007ffac65b0000 - 0x00007ffac6724000 	C:\WINDOWS\System32\wintypes.dll
0x00007ffa9d580000 - 0x00007ffa9d78e000 	C:\Users\Admin\AppData\Local\Temp\idea_libasyncProfiler_dll_temp_folder\libasyncProfiler.dll
0x00007ffabbd70000 - 0x00007ffabbd87000 	C:\Users\Admin\.jdks\openjdk-24\bin\zip.dll
0x00007ffac3bb0000 - 0x00007ffac4408000 	C:\WINDOWS\SYSTEM32\windows.storage.dll
0x00007ffac8c60000 - 0x00007ffac8d51000 	C:\WINDOWS\System32\SHCORE.dll
0x00007ffac72e0000 - 0x00007ffac734a000 	C:\WINDOWS\System32\shlwapi.dll
0x00007ffac5e00000 - 0x00007ffac5e2f000 	C:\WINDOWS\SYSTEM32\profapi.dll
0x00007ffabbd90000 - 0x00007ffabbe67000 	C:\Users\Admin\.jdks\openjdk-24\bin\jsvml.dll
0x00007ffabe700000 - 0x00007ffabe710000 	C:\Users\Admin\.jdks\openjdk-24\bin\net.dll
0x00007ffac5340000 - 0x00007ffac53aa000 	C:\WINDOWS\system32\mswsock.dll
0x00007ffabe6e0000 - 0x00007ffabe6f6000 	C:\Users\Admin\.jdks\openjdk-24\bin\nio.dll
0x00007ffabbd30000 - 0x00007ffabbd39000 	C:\Users\Admin\.jdks\openjdk-24\bin\extnet.dll

dbghelp: loaded successfully - version: 4.0.5 - missing functions: none
symbol engine: initialized successfully - sym options: 0x614 - pdb path: .;C:\Users\Admin\.jdks\openjdk-24\bin;C:\WINDOWS\SYSTEM32;C:\WINDOWS\WinSxS\amd64_microsoft.windows.common-controls_6595b64144ccf1df_6.0.26100.4202_none_3e0698d4e335f517;C:\Users\Admin\.jdks\openjdk-24\bin\server;C:\Users\Admin\AppData\Local\Temp\idea_libasyncProfiler_dll_temp_folder

VM Arguments:
jvm_args: -ea -Didea.test.cyclic.buffer.size=1048576 -javaagent:C:\Program Files\JetBrains\IntelliJ IDEA 2024.3.5\lib\idea_rt.jar=51971 -javaagent:C:\Users\Admin\AppData\Local\JetBrains\IntelliJIdea2024.3\captureAgent\debugger-agent.jar -Dkotlinx.coroutines.debug.enable.creation.stack.trace=false -Ddebugger.agent.enable.coroutines=true -Dkotlinx.coroutines.debug.enable.flows.stack.trace=true -Dkotlinx.coroutines.debug.enable.mutable.state.flows.stack.trace=true -agentpath:C:\Users\Admin\AppData\Local\Temp\idea_libasyncProfiler_dll_temp_folder\libasyncProfiler.dll=start,jfr,event=wall,interval=10ms,jfrsync=profile,cstack=no,file=C:\Users\Admin\IdeaSnapshots\ControlAutoreNonRegistratoTest_2025_06_17_093543.jfr,dbghelppath=C:\Users\Admin\AppData\Local\Temp\idea_dbghelp_dll_temp_folder\dbghelp.dll,log=C:\Users\Admin\AppData\Local\Temp\ControlAutoreNonRegistratoTest_2025_06_17_093543.jfr.log.txt,logLevel=DEBUG -Dfile.encoding=UTF-8 -Dsun.stdout.encoding=UTF-8 -Dsun.stderr.encoding=UTF-8 
java_command: com.intellij.rt.junit.JUnitStarter -ideVersion5 -junit4 Test.ControlAutoreNonRegistratoTest
java_class_path (initial): C:\Program Files\JetBrains\IntelliJ IDEA 2024.3.5\lib\idea_rt.jar;C:\Program Files\JetBrains\IntelliJ IDEA 2024.3.5\plugins\junit\lib\junit5-rt.jar;C:\Program Files\JetBrains\IntelliJ IDEA 2024.3.5\plugins\junit\lib\junit-rt.jar;C:\Users\Admin\Desktop\Università\Ingegneria del Software\Progetto IS\AMOROSO MICHELE PIO-AMOROSO LUIGI-ANASTASIO LUCA\JAVA\Progetto_java\src\out\production\progetto_2;C:\Users\Admin\.m2\repository\junit\junit\4.13.2\junit-4.13.2.jar;C:\Users\Admin\.m2\repository\org\hamcrest\hamcrest-core\1.3\hamcrest-core-1.3.jar
Launcher Type: SUN_STANDARD

[Global flags]
     intx CICompilerCount                          = 4                                         {product} {ergonomic}
     uint ConcGCThreads                            = 2                                         {product} {ergonomic}
     bool FlightRecorder                           = true                                      {product} {management}
     uint G1ConcRefinementThreads                  = 8                                         {product} {ergonomic}
   size_t G1HeapRegionSize                         = 4194304                                   {product} {ergonomic}
   size_t InitialHeapSize                          = 335544320                                 {product} {ergonomic}
   size_t MarkStackSize                            = 4194304                                   {product} {ergonomic}
   size_t MarkStackSizeMax                         = 536870912                                 {product} {ergonomic}
   size_t MaxHeapSize                              = 5326766080                                {product} {ergonomic}
   size_t MaxNewSize                               = 3196059648                                {product} {ergonomic}
   size_t MinHeapDeltaBytes                        = 4194304                                   {product} {ergonomic}
   size_t MinHeapSize                              = 8388608                                   {product} {ergonomic}
    uintx NonNMethodCodeHeapSize                   = 5832704                                {pd product} {ergonomic}
    uintx NonProfiledCodeHeapSize                  = 122945536                              {pd product} {ergonomic}
    uintx ProfiledCodeHeapSize                     = 122880000                              {pd product} {ergonomic}
    uintx ReservedCodeCacheSize                    = 251658240                              {pd product} {ergonomic}
     bool SegmentedCodeCache                       = true                                      {product} {ergonomic}
   size_t SoftMaxHeapSize                          = 5326766080                             {manageable} {ergonomic}
     bool UseCompressedOops                        = true                           {product lp64_product} {ergonomic}
     bool UseG1GC                                  = true                                      {product} {ergonomic}
     bool UseLargePagesIndividualAllocation        = false                                  {pd product} {ergonomic}

Logging:
Log output configuration:
 #0: stdout all=warning uptime,level,tags foldmultilines=false
 #1: stderr all=off uptime,level,tags foldmultilines=false

Environment Variables:
PATH=C:\Program Files (x86)\VMware\VMware Workstation\bin\;C:\Program Files\OpenLogic\jdk-8.0.422.05-hotspot\bin;C:\WINDOWS\system32;C:\WINDOWS;C:\WINDOWS\System32\Wbem;C:\WINDOWS\System32\WindowsPowerShell\v1.0\;C:\WINDOWS\System32\OpenSSH\;C:\Program Files\MATLAB\R2024b\bin;C:\Program Files (x86)\IVI Foundation\VISA\WinNT\Bin\;C:\Program Files\IVI Foundation\VISA\Win64\Bin\;C:\Program Files (x86)\National Instruments\Shared\LabVIEW CLI;C:\Program Files (x86)\IVI Foundation\VISA\WinNT\Bin;C:\Program Files\VMware\VMware OVF Tool;C:\Program Files\VSCodium\bin;C:\Program Files\dotnet\;C:\Program Files\Graphviz\bin;C:\Users\Admin\AppData\Local\Programs\Python\Python313\Scripts\;C:\Users\Admin\AppData\Local\Programs\Python\Python313\;C:\Users\Admin\AppData\Local\Microsoft\WindowsApps;C:\MinGW\bin;;C:\Program Files\JetBrains\IntelliJ IDEA 2024.3.5\bin;
USERNAME=Admin
OS=Windows_NT
PROCESSOR_IDENTIFIER=Intel64 Family 6 Model 142 Stepping 12, GenuineIntel
TMP=C:\Users\Admin\AppData\Local\Temp
TEMP=C:\Users\Admin\AppData\Local\Temp




Periodic native trim disabled

---------------  S Y S T E M  ---------------

OS:
 Windows 11 , 64 bit Build 26100 (10.0.26100.4202)
OS uptime: 0 days 0:54 hours

CPU: total 8 (initial active 8) (4 cores per cpu, 2 threads per core) family 6 model 142 stepping 12 microcode 0xea, cx8, cmov, fxsr, ht, mmx, 3dnowpref, sse, sse2, sse3, ssse3, sse4.1, sse4.2, popcnt, lzcnt, tsc, tscinvbit, avx, avx2, aes, erms, clmul, bmi1, bmi2, adx, fma, vzeroupper, clflush, clflushopt, rdtscp, f16c
Processor Information for processor 0
  Max Mhz: 2101, Current Mhz: 1500, Mhz Limit: 1596
Processor Information for processor 1
  Max Mhz: 2101, Current Mhz: 1500, Mhz Limit: 1596
Processor Information for processor 2
  Max Mhz: 2101, Current Mhz: 1500, Mhz Limit: 1596
Processor Information for processor 3
  Max Mhz: 2101, Current Mhz: 1600, Mhz Limit: 1596
Processor Information for processor 4
  Max Mhz: 2101, Current Mhz: 1500, Mhz Limit: 1596
Processor Information for processor 5
  Max Mhz: 2101, Current Mhz: 1500, Mhz Limit: 1596
Processor Information for processor 6
  Max Mhz: 2101, Current Mhz: 1600, Mhz Limit: 1596
Processor Information for processor 7
  Max Mhz: 2101, Current Mhz: 1500, Mhz Limit: 1596

Memory: 4k page, system-wide physical 20316M (10292M free)
TotalPageFile size 21980M (AvailPageFile size 10834M)
current process WorkingSet (physical memory assigned to process): 84M, peak: 84M
current process commit charge ("private bytes"): 457M, peak: 459M

vm_info: OpenJDK 64-Bit Server VM (24+36-3646) for windows-amd64 JRE (24+36-3646), built on 2025-02-06T00:20:43Z with MS VC++ 17.6 (VS2022)

END.
